{"name": "test_14_mark_order_as_sent_btn", "status": "failed", "statusDetails": {"message": "AssertionError: assert 'ת.ז.  או CVV...(6) undefined' == 'סטטוס הזמנה עודכן בהצלחה'\n  - סטטוס הזמנה עודכן בהצלחה\n  + ת.ז.  או CVV שגויים. (6) undefined", "trace": "self = <tests.test_orders.TestTORADO object at 0x0000019BB387D050>\nsetUp = <selenium.webdriver.chrome.webdriver.WebDriver (session=\"d8258b5546b9b8671ca3899a4699619d\")>\n\n    def test_14_mark_order_as_sent_btn(self, setUp):\n        self.orders_page.click_order_btn()\n        self.orders_page.search_valid()\n        self.orders_page.click_order_1242()\n        self.orders_page.weight_valid()\n        self.orders_page.click_mark_order_as_sent_btn()\n        text = self.orders_page.message_display().get_attribute(\"textContent\")\n>       assert text == \"סטטוס הזמנה עודכן בהצלחה\"\nE       AssertionError: assert 'ת.ז.  או CVV...(6) undefined' == 'סטטוס הזמנה עודכן בהצלחה'\nE         - סטטוס הזמנה עודכן בהצלחה\nE         + ת.ז.  או CVV שגויים. (6) undefined\n\ntests\\test_orders.py:138: AssertionError"}, "start": 1681983544160, "stop": 1681983555564, "uuid": "c17abc90-15d4-4800-a24e-46a9ab2a24d2", "historyId": "5307f6ec7e71822bb4b239cec1656ab2", "testCaseId": "4bddb713ef73e864ec38d2c8887c0714", "fullName": "tests.test_orders.TestTORADO#test_14_mark_order_as_sent_btn", "labels": [{"name": "parentSuite", "value": "tests"}, {"name": "suite", "value": "test_orders"}, {"name": "subSuite", "value": "TestTORADO"}, {"name": "host", "value": "LAPTOP-FNNFR7ER"}, {"name": "thread", "value": "23120-MainThread"}, {"name": "framework", "value": "pytest"}, {"name": "language", "value": "cpython3"}, {"name": "package", "value": "tests.test_orders"}]}