{"name": "test_3_search_valid_orders", "status": "broken", "statusDetails": {"message": "selenium.common.exceptions.NoSuchElementException: Message: no such element: Unable to locate element: {\"method\":\"xpath\",\"selector\":\"/html/body/div/div[1]/div[2]/main/div[2]/div/div[2]/div/div[2]/div[2]/div[2]\"}\n  (Session info: chrome=112.0.5615.121)\nStacktrace:\nBacktrace:\n\tGetHandleVerifier [0x005CDCE3+50899]\n\t(No symbol) [0x0055E111]\n\t(No symbol) [0x00465588]\n\t(No symbol) [0x004908F9]\n\t(No symbol) [0x00490AFB]\n\t(No symbol) [0x004BF902]\n\t(No symbol) [0x004AB944]\n\t(No symbol) [0x004BE01C]\n\t(No symbol) [0x004AB6F6]\n\t(No symbol) [0x00487708]\n\t(No symbol) [0x0048886D]\n\tGetHandleVerifier [0x00833EAE+2566302]\n\tGetHandleVerifier [0x008692B1+2784417]\n\tGetHandleVerifier [0x0086327C+2759788]\n\tGetHandleVerifier [0x00665740+672048]\n\t(No symbol) [0x00568872]\n\t(No symbol) [0x005641C8]\n\t(No symbol) [0x005642AB]\n\t(No symbol) [0x005571B7]\n\tBaseThreadInitThunk [0x75F17D49+25]\n\tRtlInitializeExceptionChain [0x7714B74B+107]\n\tRtlClearBits [0x7714B6CF+191]", "trace": "self = <tests.test_orders.TestTORADO object at 0x0000019BB3874650>\nsetUp = <selenium.webdriver.chrome.webdriver.WebDriver (session=\"15fffb6391c65899fd80acdc0e72f4cf\")>\n\n    def test_3_search_valid_orders(self, setUp):\n        self.orders_page.click_order_btn()\n        self.orders_page.search_valid()\n>       text_search_result = self.orders_page.search_result().get_attribute(\"innerText\")\n\ntests\\test_orders.py:36: \n_ _ _ _ _ _ _ _ _ _ _ _ _ _ _ _ _ _ _ _ _ _ _ _ _ _ _ _ _ _ _ _ _ _ _ _ _ _ _ _ _ _ _ _ _ _ _ _ _ _ _ _ _ _ _ _ _ _ _ _ _ _ _ _ _ _ _ _ _ _ _ _ _ _ _ \nsrc\\pages\\orders_page.py:33: in search_result\n    x = self.driver.find_element(By.XPATH, OrdersLocators.search_result)\n..\\..\\AppData\\Local\\Programs\\Python\\Python311\\Lib\\site-packages\\selenium\\webdriver\\remote\\webdriver.py:830: in find_element\n    return self.execute(Command.FIND_ELEMENT, {\"using\": by, \"value\": value})[\"value\"]\n..\\..\\AppData\\Local\\Programs\\Python\\Python311\\Lib\\site-packages\\selenium\\webdriver\\remote\\webdriver.py:440: in execute\n    self.error_handler.check_response(response)\n_ _ _ _ _ _ _ _ _ _ _ _ _ _ _ _ _ _ _ _ _ _ _ _ _ _ _ _ _ _ _ _ _ _ _ _ _ _ _ _ _ _ _ _ _ _ _ _ _ _ _ _ _ _ _ _ _ _ _ _ _ _ _ _ _ _ _ _ _ _ _ _ _ _ _ \n\nself = <selenium.webdriver.remote.errorhandler.ErrorHandler object at 0x0000019BB4058E10>\nresponse = {'status': 404, 'value': '{\"value\":{\"error\":\"no such element\",\"message\":\"no such element: Unable to locate element: {\\...dInitThunk [0x75F17D49+25]\\\\n\\\\tRtlInitializeExceptionChain [0x7714B74B+107]\\\\n\\\\tRtlClearBits [0x7714B6CF+191]\\\\n\"}}'}\n\n    def check_response(self, response: Dict[str, Any]) -> None:\n        \"\"\"Checks that a JSON response from the WebDriver does not have an\n        error.\n    \n        :Args:\n         - response - The JSON response from the WebDriver server as a dictionary\n           object.\n    \n        :Raises: If the response contains an error message.\n        \"\"\"\n        status = response.get(\"status\", None)\n        if not status or status == ErrorCode.SUCCESS:\n            return\n        value = None\n        message = response.get(\"message\", \"\")\n        screen: str = response.get(\"screen\", \"\")\n        stacktrace = None\n        if isinstance(status, int):\n            value_json = response.get(\"value\", None)\n            if value_json and isinstance(value_json, str):\n                import json\n    \n                try:\n                    value = json.loads(value_json)\n                    if len(value.keys()) == 1:\n                        value = value[\"value\"]\n                    status = value.get(\"error\", None)\n                    if not status:\n                        status = value.get(\"status\", ErrorCode.UNKNOWN_ERROR)\n                        message = value.get(\"value\") or value.get(\"message\")\n                        if not isinstance(message, str):\n                            value = message\n                            message = message.get(\"message\")\n                    else:\n                        message = value.get(\"message\", None)\n                except ValueError:\n                    pass\n    \n        exception_class: Type[WebDriverException]\n        if status in ErrorCode.NO_SUCH_ELEMENT:\n            exception_class = NoSuchElementException\n        elif status in ErrorCode.NO_SUCH_FRAME:\n            exception_class = NoSuchFrameException\n        elif status in ErrorCode.NO_SUCH_SHADOW_ROOT:\n            exception_class = NoSuchShadowRootException\n        elif status in ErrorCode.NO_SUCH_WINDOW:\n            exception_class = NoSuchWindowException\n        elif status in ErrorCode.STALE_ELEMENT_REFERENCE:\n            exception_class = StaleElementReferenceException\n        elif status in ErrorCode.ELEMENT_NOT_VISIBLE:\n            exception_class = ElementNotVisibleException\n        elif status in ErrorCode.INVALID_ELEMENT_STATE:\n            exception_class = InvalidElementStateException\n        elif (\n            status in ErrorCode.INVALID_SELECTOR\n            or status in ErrorCode.INVALID_XPATH_SELECTOR\n            or status in ErrorCode.INVALID_XPATH_SELECTOR_RETURN_TYPER\n        ):\n            exception_class = InvalidSelectorException\n        elif status in ErrorCode.ELEMENT_IS_NOT_SELECTABLE:\n            exception_class = ElementNotSelectableException\n        elif status in ErrorCode.ELEMENT_NOT_INTERACTABLE:\n            exception_class = ElementNotInteractableException\n        elif status in ErrorCode.INVALID_COOKIE_DOMAIN:\n            exception_class = InvalidCookieDomainException\n        elif status in ErrorCode.UNABLE_TO_SET_COOKIE:\n            exception_class = UnableToSetCookieException\n        elif status in ErrorCode.TIMEOUT:\n            exception_class = TimeoutException\n        elif status in ErrorCode.SCRIPT_TIMEOUT:\n            exception_class = TimeoutException\n        elif status in ErrorCode.UNKNOWN_ERROR:\n            exception_class = WebDriverException\n        elif status in ErrorCode.UNEXPECTED_ALERT_OPEN:\n            exception_class = UnexpectedAlertPresentException\n        elif status in ErrorCode.NO_ALERT_OPEN:\n            exception_class = NoAlertPresentException\n        elif status in ErrorCode.IME_NOT_AVAILABLE:\n            exception_class = ImeNotAvailableException\n        elif status in ErrorCode.IME_ENGINE_ACTIVATION_FAILED:\n            exception_class = ImeActivationFailedException\n        elif status in ErrorCode.MOVE_TARGET_OUT_OF_BOUNDS:\n            exception_class = MoveTargetOutOfBoundsException\n        elif status in ErrorCode.JAVASCRIPT_ERROR:\n            exception_class = JavascriptException\n        elif status in ErrorCode.SESSION_NOT_CREATED:\n            exception_class = SessionNotCreatedException\n        elif status in ErrorCode.INVALID_ARGUMENT:\n            exception_class = InvalidArgumentException\n        elif status in ErrorCode.NO_SUCH_COOKIE:\n            exception_class = NoSuchCookieException\n        elif status in ErrorCode.UNABLE_TO_CAPTURE_SCREEN:\n            exception_class = ScreenshotException\n        elif status in ErrorCode.ELEMENT_CLICK_INTERCEPTED:\n            exception_class = ElementClickInterceptedException\n        elif status in ErrorCode.INSECURE_CERTIFICATE:\n            exception_class = InsecureCertificateException\n        elif status in ErrorCode.INVALID_COORDINATES:\n            exception_class = InvalidCoordinatesException\n        elif status in ErrorCode.INVALID_SESSION_ID:\n            exception_class = InvalidSessionIdException\n        elif status in ErrorCode.UNKNOWN_METHOD:\n            exception_class = UnknownMethodException\n        else:\n            exception_class = WebDriverException\n        if not value:\n            value = response[\"value\"]\n        if isinstance(value, str):\n            raise exception_class(value)\n        if message == \"\" and \"message\" in value:\n            message = value[\"message\"]\n    \n        screen = None  # type: ignore[assignment]\n        if \"screen\" in value:\n            screen = value[\"screen\"]\n    \n        stacktrace = None\n        st_value = value.get(\"stackTrace\") or value.get(\"stacktrace\")\n        if st_value:\n            if isinstance(st_value, str):\n                stacktrace = st_value.split(\"\\n\")\n            else:\n                stacktrace = []\n                try:\n                    for frame in st_value:\n                        line = frame.get(\"lineNumber\", \"\")\n                        file = frame.get(\"fileName\", \"<anonymous>\")\n                        if line:\n                            file = f\"{file}:{line}\"\n                        meth = frame.get(\"methodName\", \"<anonymous>\")\n                        if \"className\" in frame:\n                            meth = f\"{frame['className']}.{meth}\"\n                        msg = \"    at %s (%s)\"\n                        msg = msg % (meth, file)\n                        stacktrace.append(msg)\n                except TypeError:\n                    pass\n        if exception_class == UnexpectedAlertPresentException:\n            alert_text = None\n            if \"data\" in value:\n                alert_text = value[\"data\"].get(\"text\")\n            elif \"alert\" in value:\n                alert_text = value[\"alert\"].get(\"text\")\n            raise exception_class(message, screen, stacktrace, alert_text)  # type: ignore[call-arg]  # mypy is not smart enough here\n>       raise exception_class(message, screen, stacktrace)\nE       selenium.common.exceptions.NoSuchElementException: Message: no such element: Unable to locate element: {\"method\":\"xpath\",\"selector\":\"/html/body/div/div[1]/div[2]/main/div[2]/div/div[2]/div/div[2]/div[2]/div[2]\"}\nE         (Session info: chrome=112.0.5615.121)\nE       Stacktrace:\nE       Backtrace:\nE       \tGetHandleVerifier [0x005CDCE3+50899]\nE       \t(No symbol) [0x0055E111]\nE       \t(No symbol) [0x00465588]\nE       \t(No symbol) [0x004908F9]\nE       \t(No symbol) [0x00490AFB]\nE       \t(No symbol) [0x004BF902]\nE       \t(No symbol) [0x004AB944]\nE       \t(No symbol) [0x004BE01C]\nE       \t(No symbol) [0x004AB6F6]\nE       \t(No symbol) [0x00487708]\nE       \t(No symbol) [0x0048886D]\nE       \tGetHandleVerifier [0x00833EAE+2566302]\nE       \tGetHandleVerifier [0x008692B1+2784417]\nE       \tGetHandleVerifier [0x0086327C+2759788]\nE       \tGetHandleVerifier [0x00665740+672048]\nE       \t(No symbol) [0x00568872]\nE       \t(No symbol) [0x005641C8]\nE       \t(No symbol) [0x005642AB]\nE       \t(No symbol) [0x005571B7]\nE       \tBaseThreadInitThunk [0x75F17D49+25]\nE       \tRtlInitializeExceptionChain [0x7714B74B+107]\nE       \tRtlClearBits [0x7714B6CF+191]\n\n..\\..\\AppData\\Local\\Programs\\Python\\Python311\\Lib\\site-packages\\selenium\\webdriver\\remote\\errorhandler.py:245: NoSuchElementException"}, "start": 1681983231370, "stop": 1681983235539, "uuid": "795569cc-bfd1-4b3f-9baa-841aa91a76bd", "historyId": "131f8d57254a851e9da0aef73ac4487c", "testCaseId": "9e124973ee89e4eee059bd46f551005a", "fullName": "tests.test_orders.TestTORADO#test_3_search_valid_orders", "labels": [{"name": "parentSuite", "value": "tests"}, {"name": "suite", "value": "test_orders"}, {"name": "subSuite", "value": "TestTORADO"}, {"name": "host", "value": "LAPTOP-FNNFR7ER"}, {"name": "thread", "value": "23120-MainThread"}, {"name": "framework", "value": "pytest"}, {"name": "language", "value": "cpython3"}, {"name": "package", "value": "tests.test_orders"}]}