{"name": "test_10_click_replace_1", "status": "failed", "statusDetails": {"message": "AssertionError: assert 'למון' in ''", "trace": "self = <tests.test_orders.TestTORADO object at 0x0000019BB3876D10>\nsetUp = <selenium.webdriver.chrome.webdriver.WebDriver (session=\"13adf5287990111a633e4e498ccfde2d\")>\n\n    def test_10_click_replace_1(self, setUp):\n        self.orders_page.click_orders_btn()\n        self.orders_page.search(\"1236\")\n        self.orders_page.click_id_order_1236()\n        self.orders_page.click_replace()\n        self.orders_page.replace_search(\"למון\")\n        text_product = self.orders_page.lemon_display_1()\n        text_search = \"למון\"\n>       assert text_search in text_product\nE       AssertionError: assert 'למון' in ''\n\ntests\\test_orders.py:93: AssertionError"}, "start": 1681983411703, "stop": 1681983423624, "uuid": "75b03144-3415-4237-9172-4ac4dd8dc20f", "historyId": "a9e6417f0528a6ec4c9aacf211e9852e", "testCaseId": "eb4d0da7be0a52fcd75ae4d00c47d65c", "fullName": "tests.test_orders.TestTORADO#test_10_click_replace_1", "labels": [{"name": "parentSuite", "value": "tests"}, {"name": "suite", "value": "test_orders"}, {"name": "subSuite", "value": "TestTORADO"}, {"name": "host", "value": "LAPTOP-FNNFR7ER"}, {"name": "thread", "value": "23120-MainThread"}, {"name": "framework", "value": "pytest"}, {"name": "language", "value": "cpython3"}, {"name": "package", "value": "tests.test_orders"}]}