{"name": "test_8_mark_order_as_ready_for_delivery_btn", "status": "failed", "statusDetails": {"message": "AssertionError: assert 'ת.ז.  או CVV...(6) undefined' == 'סטטוס הזמנה עודכן בהצלחה'\n  - סטטוס הזמנה עודכן בהצלחה\n  + ת.ז.  או CVV שגויים. (6) undefined", "trace": "self = <tests.test_orders.TestTORADO object at 0x0000019BB3875F10>\nsetUp = <selenium.webdriver.chrome.webdriver.WebDriver (session=\"6d2319f75f7b834e09321f9217ffcdc5\")>\n\n    def test_8_mark_order_as_ready_for_delivery_btn(self,setUp):\n        self.orders_page.click_order_btn()\n        self.orders_page.search_valid()\n        self.orders_page.click_order_1242()\n        self.orders_page.weight_valid()\n        self.orders_page.click_mark_order_as_ready_for_delivery_btn()\n        text = self.orders_page.message_display().get_attribute(\"textContent\")\n>       assert text == \"סטטוס הזמנה עודכן בהצלחה\"\nE       AssertionError: assert 'ת.ז.  או CVV...(6) undefined' == 'סטטוס הזמנה עודכן בהצלחה'\nE         - סטטוס הזמנה עודכן בהצלחה\nE         + ת.ז.  או CVV שגויים. (6) undefined\n\ntests\\test_orders.py:72: AssertionError"}, "start": 1681983357862, "stop": 1681983368313, "uuid": "39c575db-f46d-40fc-b43a-53f3bc76e32a", "historyId": "b84424ed149749ff7f12561bc9c472c0", "testCaseId": "fa1783fd6def15cf0b8617b50b0df76a", "fullName": "tests.test_orders.TestTORADO#test_8_mark_order_as_ready_for_delivery_btn", "labels": [{"name": "parentSuite", "value": "tests"}, {"name": "suite", "value": "test_orders"}, {"name": "subSuite", "value": "TestTORADO"}, {"name": "host", "value": "LAPTOP-FNNFR7ER"}, {"name": "thread", "value": "23120-MainThread"}, {"name": "framework", "value": "pytest"}, {"name": "language", "value": "cpython3"}, {"name": "package", "value": "tests.test_orders"}]}