{"name": "test_15_order_has_arrived_btn", "status": "failed", "statusDetails": {"message": "AssertionError: assert 'ת.ז.  או CVV...(6) undefined' == 'סטטוס הזמנה עודכן בהצלחה'\n  - סטטוס הזמנה עודכן בהצלחה\n  + ת.ז.  או CVV שגויים. (6) undefined", "trace": "self = <tests.test_orders.TestTORADO object at 0x0000019BB387D750>\nsetUp = <selenium.webdriver.chrome.webdriver.WebDriver (session=\"a58c191a1f0a7a1f915b7249b7f56aa9\")>\n\n    def test_15_order_has_arrived_btn(self, setUp):\n        self.orders_page.click_order_btn()\n        self.orders_page.search_valid()\n        self.orders_page.click_order_1242()\n        self.orders_page.weight_valid()\n        self.orders_page.click_order_has_arrived_btn()\n        text = self.orders_page.message_display().get_attribute(\"textContent\")\n>       assert text == \"סטטוס הזמנה עודכן בהצלחה\"\nE       AssertionError: assert 'ת.ז.  או CVV...(6) undefined' == 'סטטוס הזמנה עודכן בהצלחה'\nE         - סטטוס הזמנה עודכן בהצלחה\nE         + ת.ז.  או CVV שגויים. (6) undefined\n\ntests\\test_orders.py:147: AssertionError"}, "start": 1681983570510, "stop": 1681983582795, "uuid": "4f04b6da-227d-40aa-9b71-98c6d9506ecf", "historyId": "2c640a327bde2d5fc642c24edfe8cb08", "testCaseId": "34d628372ef4b75517735b4f80e54fc4", "fullName": "tests.test_orders.TestTORADO#test_15_order_has_arrived_btn", "labels": [{"name": "parentSuite", "value": "tests"}, {"name": "suite", "value": "test_orders"}, {"name": "subSuite", "value": "TestTORADO"}, {"name": "host", "value": "LAPTOP-FNNFR7ER"}, {"name": "thread", "value": "23120-MainThread"}, {"name": "framework", "value": "pytest"}, {"name": "language", "value": "cpython3"}, {"name": "package", "value": "tests.test_orders"}]}